#
# There is insufficient memory for the Java Runtime Environment to continue.
# Native memory allocation (mmap) failed to map 268435456 bytes for Failed to commit area from 0x0000000701200000 to 0x0000000711200000 of length 268435456.
# Possible reasons:
#   The system is out of physical RAM or swap space
#   The process is running with CompressedOops enabled, and the Java Heap may be blocking the growth of the native heap
# Possible solutions:
#   Reduce memory load on the system
#   Increase physical memory or swap space
#   Check if swap backing store is full
#   Decrease Java heap size (-Xmx/-Xms)
#   Decrease number of Java threads
#   Decrease Java thread stack sizes (-Xss)
#   Set larger code cache with -XX:ReservedCodeCacheSize=
# This output file may be truncated or incomplete.
#
#  Out of Memory Error (t:/workspace/open/src/hotspot/os/windows/os_windows.cpp:3269), pid=7416, tid=7136
#
# JRE version:  (11.0.2+9) (build )
# Java VM: Java HotSpot(TM) 64-Bit Server VM (11.0.2+9-LTS, mixed mode, aot, sharing, tiered, compressed oops, g1 gc, windows-amd64)
# No core dump will be written. Minidumps are not enabled by default on client versions of Windows
#

---------------  S U M M A R Y ------------

Command Line: -Dclassworlds.conf=C:\Program Files\TMCBeans\java\maven\bin\m2.conf -Dmaven.home=C:\Program Files\TMCBeans\java\maven -Dmaven.multiModuleProjectDirectory=C:\Users\Liwen Qu\Documents\NetBeansProjects\mooc-java-programming-ii\part08-Part08_05.TodoList org.codehaus.plexus.classworlds.launcher.Launcher -Dexec.args=-classpath %classpath UserInterface -Dexec.executable=C:\Program Files\Java\jdk-11.0.2\bin\java.exe -Dfile.encoding=UTF-8 -T=1 -q process-classes org.codehaus.mojo:exec-maven-plugin:1.5.0:exec

Host: Intel(R) Core(TM) i7-6700 CPU @ 3.40GHz, 8 cores, 15G,  Windows 10 , 64 bit Build 19041 (10.0.19041.292)
Time: Wed Oct 14 23:35:08 2020 Eastern Daylight Time elapsed time: 0 seconds (0d 0h 0m 0s)

---------------  T H R E A D  ---------------

Current thread (0x000001ae03955000):  JavaThread "Unknown thread" [_thread_in_vm, id=7136, stack(0x0000004d8ea00000,0x0000004d8eb00000)]

Stack: [0x0000004d8ea00000,0x0000004d8eb00000]
Native frames: (J=compiled Java code, j=interpreted, Vv=VM code, C=native code)
V  [jvm.dll+0x63574a]
V  [jvm.dll+0x77326f]
V  [jvm.dll+0x77491a]
V  [jvm.dll+0x774fd3]
V  [jvm.dll+0x25e418]
V  [jvm.dll+0x632c0a]
V  [jvm.dll+0x627645]
V  [jvm.dll+0x314e7c]
V  [jvm.dll+0x314d02]
V  [jvm.dll+0x31a576]
V  [jvm.dll+0x36635f]
V  [jvm.dll+0x365d80]
V  [jvm.dll+0x2f19f8]
V  [jvm.dll+0x2f2b56]
V  [jvm.dll+0x74c817]
V  [jvm.dll+0x74df5f]
V  [jvm.dll+0x373179]
V  [jvm.dll+0x732eb9]
V  [jvm.dll+0x3e295d]
V  [jvm.dll+0x3e4c61]
C  [java.exe+0x3607]
C  [java.exe+0x178dc]
C  [KERNEL32.DLL+0x16fd4]
C  [ntdll.dll+0x4cec1]


---------------  P R O C E S S  ---------------

Threads class SMR info:
_java_thread_list=0x000001ae01f64a40, length=0, elements={
}

Java Threads: ( => current thread )

Other Threads:
  0x000001ae0396b000 GCTaskThread "GC Thread#0" [stack: 0x0000004d8eb00000,0x0000004d8ec00000] [id=4484]
  0x000001ae039ca000 ConcurrentGCThread "G1 Main Marker" [stack: 0x0000004d8ec00000,0x0000004d8ed00000] [id=10408]
  0x000001ae039cc000 ConcurrentGCThread "G1 Conc#0" [stack: 0x0000004d8ed00000,0x0000004d8ee00000] [id=13020]

[error occurred during error reporting (printing all threads), id 0xc0000005, EXCEPTION_ACCESS_VIOLATION (0xc0000005) at pc=0x00007ffa380d0197]

VM state:not at safepoint (not fully initialized)

VM Mutex/Monitor currently owned by a thread:  ([mutex/lock_event])
[0x000001ae03951970] Heap_lock - owner thread: 0x000001ae03955000

Heap address: 0x0000000701200000, size: 4078 MB, Compressed Oops mode: Non-zero based: 0x0000000701200000
Narrow klass base: 0x0000000000000000, Narrow klass shift: 0

GC Heap History (0 events):
No events

Deoptimization events (0 events):
No events

Classes redefined (0 events):
No events

Internal exceptions (0 events):
No events

Events (0 events):
No events


Dynamic libraries:
0x00007ff72b700000 - 0x00007ff72b747000 	C:\Program Files\Java\jdk-11.0.2\bin\java.exe
0x00007ffa73910000 - 0x00007ffa73b05000 	C:\WINDOWS\SYSTEM32\ntdll.dll
0x00007ffa72f40000 - 0x00007ffa72ffd000 	C:\WINDOWS\System32\KERNEL32.DLL
0x00007ffa71290000 - 0x00007ffa71557000 	C:\WINDOWS\System32\KERNELBASE.dll
0x00007ffa723b0000 - 0x00007ffa7245a000 	C:\WINDOWS\System32\ADVAPI32.dll
0x00007ffa724e0000 - 0x00007ffa7257e000 	C:\WINDOWS\System32\msvcrt.dll
0x00007ffa73000000 - 0x00007ffa7309b000 	C:\WINDOWS\System32\sechost.dll
0x00007ffa72bc0000 - 0x00007ffa72ce4000 	C:\WINDOWS\System32\RPCRT4.dll
0x00007ffa727b0000 - 0x00007ffa72950000 	C:\WINDOWS\System32\USER32.dll
0x00007ffa711b0000 - 0x00007ffa711d2000 	C:\WINDOWS\System32\win32u.dll
0x00007ffa72590000 - 0x00007ffa725ba000 	C:\WINDOWS\System32\GDI32.dll
0x00007ffa71560000 - 0x00007ffa71669000 	C:\WINDOWS\System32\gdi32full.dll
0x00007ffa71770000 - 0x00007ffa7180d000 	C:\WINDOWS\System32\msvcp_win.dll
0x00007ffa71670000 - 0x00007ffa71770000 	C:\WINDOWS\System32\ucrtbase.dll
0x00007ffa64730000 - 0x00007ffa649cb000 	C:\WINDOWS\WinSxS\amd64_microsoft.windows.common-controls_6595b64144ccf1df_6.0.19041.488_none_ca04af081b815d21\COMCTL32.dll
0x00007ffa6afe0000 - 0x00007ffa6afea000 	C:\WINDOWS\SYSTEM32\VERSION.dll
0x00007ffa71c30000 - 0x00007ffa71c60000 	C:\WINDOWS\System32\IMM32.DLL
0x00007ffa6c420000 - 0x00007ffa6c436000 	C:\Program Files\Java\jdk-11.0.2\bin\vcruntime140.dll
0x00007ffa5fbc0000 - 0x00007ffa5fc6a000 	C:\Program Files\Java\jdk-11.0.2\bin\msvcp140.dll
0x00007ffa37dd0000 - 0x00007ffa388f7000 	C:\Program Files\Java\jdk-11.0.2\bin\server\jvm.dll
0x00007ffa72580000 - 0x00007ffa72588000 	C:\WINDOWS\System32\PSAPI.DLL
0x00007ffa64a10000 - 0x00007ffa64a19000 	C:\WINDOWS\SYSTEM32\WSOCK32.dll
0x00007ffa65670000 - 0x00007ffa65697000 	C:\WINDOWS\SYSTEM32\WINMM.dll
0x00007ffa72660000 - 0x00007ffa726cb000 	C:\WINDOWS\System32\WS2_32.dll
0x00007ffa6f970000 - 0x00007ffa6f983000 	C:\WINDOWS\SYSTEM32\kernel.appcore.dll
0x00007ffa651a0000 - 0x00007ffa651b1000 	C:\Program Files\Java\jdk-11.0.2\bin\verify.dll
0x00007ffa6ecd0000 - 0x00007ffa6eeb4000 	C:\WINDOWS\SYSTEM32\DBGHELP.DLL
0x00007ffa5f110000 - 0x00007ffa5f13c000 	C:\WINDOWS\SYSTEM32\dbgcore.DLL
0x00007ffa71890000 - 0x00007ffa7190f000 	C:\WINDOWS\System32\bcryptPrimitives.dll
0x00007ffa65460000 - 0x00007ffa65489000 	C:\Program Files\Java\jdk-11.0.2\bin\java.dll
0x00007ffa629d0000 - 0x00007ffa629e6000 	C:\Program Files\Java\jdk-11.0.2\bin\zip.dll
0x00007ffa6d7a0000 - 0x00007ffa6d7aa000 	C:\Program Files\Java\jdk-11.0.2\bin\jimage.dll

dbghelp: loaded successfully - version: 4.0.5 - missing functions: none
symbol engine: initialized successfully - sym options: 0x614 - pdb path: .;C:\Program Files\Java\jdk-11.0.2\bin;C:\WINDOWS\SYSTEM32;C:\WINDOWS\WinSxS\amd64_microsoft.windows.common-controls_6595b64144ccf1df_6.0.19041.488_none_ca04af081b815d21;C:\Program Files\Java\jdk-11.0.2\bin\server

VM Arguments:
jvm_args: -Dclassworlds.conf=C:\Program Files\TMCBeans\java\maven\bin\m2.conf -Dmaven.home=C:\Program Files\TMCBeans\java\maven -Dmaven.multiModuleProjectDirectory=C:\Users\Liwen Qu\Documents\NetBeansProjects\mooc-java-programming-ii\part08-Part08_05.TodoList 
java_command: org.codehaus.plexus.classworlds.launcher.Launcher -Dexec.args=-classpath %classpath UserInterface -Dexec.executable=C:\Program Files\Java\jdk-11.0.2\bin\java.exe -Dfile.encoding=UTF-8 -T=1 -q process-classes org.codehaus.mojo:exec-maven-plugin:1.5.0:exec
java_class_path (initial): C:\Program Files\TMCBeans\java\maven\boot\plexus-classworlds-2.5.2.jar
Launcher Type: SUN_STANDARD

[Global flags]
     intx CICompilerCount                          = 4                                         {product} {ergonomic}
     uint ConcGCThreads                            = 2                                         {product} {ergonomic}
     uint G1ConcRefinementThreads                  = 8                                         {product} {ergonomic}
   size_t G1HeapRegionSize                         = 1048576                                   {product} {ergonomic}
    uintx GCDrainStackTargetSize                   = 64                                        {product} {ergonomic}
   size_t InitialHeapSize                          = 268435456                                 {product} {ergonomic}
   size_t MarkStackSize                            = 4194304                                   {product} {ergonomic}
   size_t MaxHeapSize                              = 4276092928                                {product} {ergonomic}
   size_t MinHeapDeltaBytes                        = 1048576                                   {product} {ergonomic}
    uintx NonNMethodCodeHeapSize                   = 5835340                                {pd product} {ergonomic}
    uintx NonProfiledCodeHeapSize                  = 122911450                              {pd product} {ergonomic}
    uintx ProfiledCodeHeapSize                     = 122911450                              {pd product} {ergonomic}
    uintx ReservedCodeCacheSize                    = 251658240                              {pd product} {ergonomic}
     bool SegmentedCodeCache                       = true                                      {product} {ergonomic}
     bool UseCompressedClassPointers               = true                                 {lp64_product} {ergonomic}
     bool UseCompressedOops                        = true                                 {lp64_product} {ergonomic}
     bool UseG1GC                                  = true                                      {product} {ergonomic}
     bool UseLargePagesIndividualAllocation        = false                                  {pd product} {ergonomic}

Logging:
Log output configuration:
 #0: stdout all=warning uptime,level,tags
 #1: stderr all=off uptime,level,tags

Environment Variables:
JAVA_HOME=C:\Program Files\Java\jdk-11.0.2
PATH=C:\Program Files\AdoptOpenJDK\jdk-11.0.2+9\bin;C:\Program Files (x86)\Java\jdk-11.0.2\bin;C:\Program Files (x86)\Java\jre1.8.0_201\bin;C:\Program Files\NVIDIA Corporation\NVIDIA NvDLISR;C:\Program Files (x86)\NVIDIA Corporation\PhysX\Common;C:\WINDOWS\system32;C:\WINDOWS;C:\WINDOWS\System32\Wbem;C:\WINDOWS\System32\WindowsPowerShell\v1.0\;C:\WINDOWS\System32\OpenSSH\;C:\Program Files\Git\cmd;C:\Users\Liwen Qu\AppData\Local\Programs\Python\Python37\Scripts\;C:\Users\Liwen Qu\AppData\Local\Programs\Python\Python37\;C:\Users\Liwen Qu\AppData\Local\Microsoft\WindowsApps;C:\Users\Liwen Qu\AppData\Local\GitHubDesktop\bin;C:\Users\Liwen Qu\AppData\Local\Microsoft\WindowsApps;C:\Users\Liwen Qu\AppData\Local\atom\bin;C:\Program Files\heroku\bin
USERNAME=Liwen Qu
OS=Windows_NT
PROCESSOR_IDENTIFIER=Intel64 Family 6 Model 94 Stepping 3, GenuineIntel



---------------  S Y S T E M  ---------------

OS: Windows 10 , 64 bit Build 19041 (10.0.19041.292)

CPU:total 8 (initial active 8) (4 cores per cpu, 2 threads per core) family 6 model 94 stepping 3, cmov, cx8, fxsr, mmx, sse, sse2, sse3, ssse3, sse4.1, sse4.2, popcnt, avx, avx2, aes, clmul, erms, rtm, 3dnowpref, lzcnt, ht, tsc, tscinvbit, bmi1, bmi2, adx, fma

Memory: 4k page, system-wide physical 16311M (8974M free)
TotalPageFile size 19240M (AvailPageFile size 111M)
current process WorkingSet (physical memory assigned to process): 10M, peak: 10M
current process commit charge ("private bytes"): 60M, peak: 316M

vm_info: Java HotSpot(TM) 64-Bit Server VM (11.0.2+9-LTS) for windows-amd64 JRE (11.0.2+9-LTS), built on Jan 18 2019 05:24:10 by "mach5one" with MS VC++ 15.5 (VS2017)

END.
